[debug] [2025-12-18T07:08:31.604Z] ----------------------------------------------------------------------
[debug] [2025-12-18T07:08:31.606Z] Command:       /usr/local/bin/node /Users/adwaitparchure/Adwait Work/Poshakh/poshakh-manager/node_modules/.bin/firebase deploy --only hosting
[debug] [2025-12-18T07:08:31.606Z] CLI Version:   15.0.0
[debug] [2025-12-18T07:08:31.606Z] Platform:      darwin
[debug] [2025-12-18T07:08:31.607Z] Node Version:  v24.12.0
[debug] [2025-12-18T07:08:31.607Z] Time:          Thu Dec 18 2025 12:38:31 GMT+0530 (India Standard Time)
[debug] [2025-12-18T07:08:31.607Z] ----------------------------------------------------------------------
[debug] 
[debug] [2025-12-18T07:08:33.338Z] > command requires scopes: ["email","openid","https://www.googleapis.com/auth/cloudplatformprojects.readonly","https://www.googleapis.com/auth/firebase","https://www.googleapis.com/auth/cloud-platform"]
[debug] [2025-12-18T07:08:33.338Z] > authorizing via signed-in user (adwait@thefoundproject.com)
[debug] [2025-12-18T07:08:33.338Z] [iam] checking project poshakh-stock for permissions ["firebase.projects.get","firebasehosting.sites.update"]
[debug] [2025-12-18T07:08:33.339Z] Checked if tokens are valid: false, expires at: 1766009336748
[debug] [2025-12-18T07:08:33.339Z] Checked if tokens are valid: false, expires at: 1766009336748
[debug] [2025-12-18T07:08:33.339Z] > refreshing access token with scopes: []
[debug] [2025-12-18T07:08:33.341Z] >>> [apiv2][query] POST https://www.googleapis.com/oauth2/v3/token [none]
[debug] [2025-12-18T07:08:33.341Z] >>> [apiv2][body] POST https://www.googleapis.com/oauth2/v3/token [omitted]
[debug] [2025-12-18T07:08:33.538Z] <<< [apiv2][status] POST https://www.googleapis.com/oauth2/v3/token 400
[debug] [2025-12-18T07:08:33.538Z] <<< [apiv2][body] POST https://www.googleapis.com/oauth2/v3/token [omitted]
[error] Authentication Error: Your credentials are no longer valid. Please run firebase login --reauth

For CI servers and headless environments, generate a new token with firebase login:ci
[error] Authentication Error: Your credentials are no longer valid. Please run firebase login --reauth

For CI servers and headless environments, generate a new token with firebase login:ci
[debug] [2025-12-18T07:08:33.539Z] [iam] error while checking permissions, command may fail: Authentication Error: Your credentials are no longer valid. Please run firebase login --reauth

For CI servers and headless environments, generate a new token with firebase login:ci
[debug] [2025-12-18T07:08:33.539Z] Checked if tokens are valid: false, expires at: 1766009336748
[debug] [2025-12-18T07:08:33.540Z] Checked if tokens are valid: false, expires at: 1766009336748
[debug] [2025-12-18T07:08:33.540Z] > refreshing access token with scopes: []
[debug] [2025-12-18T07:08:33.540Z] >>> [apiv2][query] POST https://www.googleapis.com/oauth2/v3/token [none]
[debug] [2025-12-18T07:08:33.540Z] >>> [apiv2][body] POST https://www.googleapis.com/oauth2/v3/token [omitted]
[debug] [2025-12-18T07:08:33.637Z] <<< [apiv2][status] POST https://www.googleapis.com/oauth2/v3/token 400
[debug] [2025-12-18T07:08:33.637Z] <<< [apiv2][body] POST https://www.googleapis.com/oauth2/v3/token [omitted]
[error] Authentication Error: Your credentials are no longer valid. Please run firebase login --reauth

For CI servers and headless environments, generate a new token with firebase login:ci
[error] Authentication Error: Your credentials are no longer valid. Please run firebase login --reauth

For CI servers and headless environments, generate a new token with firebase login:ci
[debug] [2025-12-18T07:08:33.637Z] Authentication Error: Your credentials are no longer valid. Please run firebase login --reauth

For CI servers and headless environments, generate a new token with firebase login:ci
[error] 
[error] Error: Assertion failed: resolving hosting target of a site with no site name or target name. This should have caused an error earlier
